<?xml version="1.0" encoding="UTF-8"?>
<!-- Generated by org.testng.reporters.JUnitXMLReporter -->
<testsuite hostname="Srajen" ignored="0" name="ChromeTestCase" tests="6" failures="0" timestamp="11 Oct 2020 05:27:33 GMT" time="13.541" errors="0">
  <testcase name="@BeforeTest createDriver" time="13.5" classname="com.test.BaseTest">
    <failure type="org.openqa.selenium.SessionNotCreatedException" message="session not created
from chrome not reachable
  (Session info: chrome=86.0.4240.75)
Build info: version: &amp;apos;3.141.59&amp;apos;, revision: &amp;apos;e82be7d358&amp;apos;, time: &amp;apos;2018-11-14T08:17:03&amp;apos;
System info: host: &amp;apos;SRAJEN&amp;apos;, ip: &amp;apos;192.168.1.101&amp;apos;, os.name: &amp;apos;Windows 10&amp;apos;, os.arch: &amp;apos;amd64&amp;apos;, os.version: &amp;apos;10.0&amp;apos;, java.version: &amp;apos;1.8.0_251&amp;apos;
Driver info: driver.version: ChromeDriver
remote stacktrace: Backtrace:
	Ordinal0 [0x00D9D383+3134339]
	Ordinal0 [0x00C8A171+2007409]
	Ordinal0 [0x00B2AD90+568720]
	Ordinal0 [0x00B21364+529252]
	Ordinal0 [0x00B219FC+530940]
	Ordinal0 [0x00B22C15+535573]
	Ordinal0 [0x00B1DFC5+516037]
	Ordinal0 [0x00B2BF70+573296]
	Ordinal0 [0x00AD1916+203030]
	Ordinal0 [0x00AD0C1D+199709]
	Ordinal0 [0x00ACEB0B+191243]
	Ordinal0 [0x00AB2E77+77431]
	Ordinal0 [0x00AB3E3E+81470]
	Ordinal0 [0x00AB3DC9+81353]
	Ordinal0 [0x00CA0CD9+2100441]
	GetHandleVerifier [0x00F0B75A+1396954]
	GetHandleVerifier [0x00F0B3D9+1396057]
	GetHandleVerifier [0x00F17126+1444518]
	GetHandleVerifier [0x00F0BCE8+1398376]
	Ordinal0 [0x00C97F51+2064209]
	Ordinal0 [0x00CA22EB+2106091]
	Ordinal0 [0x00CA2411+2106385]
	Ordinal0 [0x00CB49C4+2181572]
	BaseThreadInitThunk [0x76946359+25]
	RtlGetAppContainerNamedObjectPath [0x773E7B74+228]
	RtlGetAppContainerNamedObjectPath [0x773E7B44+180]
">
      <![CDATA[org.openqa.selenium.SessionNotCreatedException: session not created
from chrome not reachable
  (Session info: chrome=86.0.4240.75)
Build info: version: '3.141.59', revision: 'e82be7d358', time: '2018-11-14T08:17:03'
System info: host: 'SRAJEN', ip: '192.168.1.101', os.name: 'Windows 10', os.arch: 'amd64', os.version: '10.0', java.version: '1.8.0_251'
Driver info: driver.version: ChromeDriver
remote stacktrace: Backtrace:
Ordinal0 [0x00D9D383+3134339]
Ordinal0 [0x00C8A171+2007409]
Ordinal0 [0x00B2AD90+568720]
Ordinal0 [0x00B21364+529252]
Ordinal0 [0x00B219FC+530940]
Ordinal0 [0x00B22C15+535573]
Ordinal0 [0x00B1DFC5+516037]
Ordinal0 [0x00B2BF70+573296]
Ordinal0 [0x00AD1916+203030]
Ordinal0 [0x00AD0C1D+199709]
Ordinal0 [0x00ACEB0B+191243]
Ordinal0 [0x00AB2E77+77431]
Ordinal0 [0x00AB3E3E+81470]
Ordinal0 [0x00AB3DC9+81353]
Ordinal0 [0x00CA0CD9+2100441]
GetHandleVerifier [0x00F0B75A+1396954]
GetHandleVerifier [0x00F0B3D9+1396057]
GetHandleVerifier [0x00F17126+1444518]
GetHandleVerifier [0x00F0BCE8+1398376]
Ordinal0 [0x00C97F51+2064209]
Ordinal0 [0x00CA22EB+2106091]
Ordinal0 [0x00CA2411+2106385]
Ordinal0 [0x00CB49C4+2181572]
BaseThreadInitThunk [0x76946359+25]
RtlGetAppContainerNamedObjectPath [0x773E7B74+228]
RtlGetAppContainerNamedObjectPath [0x773E7B44+180]

at org.openqa.selenium.remote.W3CHandshakeResponse.lambda$errorHandler$0(W3CHandshakeResponse.java:62)
at org.openqa.selenium.remote.HandshakeResponse.lambda$getResponseFunction$0(HandshakeResponse.java:30)
at org.openqa.selenium.remote.ProtocolHandshake.lambda$createSession$0(ProtocolHandshake.java:126)
at java.util.stream.ReferencePipeline$3$1.accept(ReferencePipeline.java:193)
at java.util.Spliterators$ArraySpliterator.tryAdvance(Spliterators.java:958)
at java.util.stream.ReferencePipeline.forEachWithCancel(ReferencePipeline.java:126)
at java.util.stream.AbstractPipeline.copyIntoWithCancel(AbstractPipeline.java:499)
at java.util.stream.AbstractPipeline.copyInto(AbstractPipeline.java:486)
at java.util.stream.AbstractPipeline.wrapAndCopyInto(AbstractPipeline.java:472)
at java.util.stream.FindOps$FindOp.evaluateSequential(FindOps.java:152)
at java.util.stream.AbstractPipeline.evaluate(AbstractPipeline.java:234)
at java.util.stream.ReferencePipeline.findFirst(ReferencePipeline.java:464)
at org.openqa.selenium.remote.ProtocolHandshake.createSession(ProtocolHandshake.java:128)
at org.openqa.selenium.remote.ProtocolHandshake.createSession(ProtocolHandshake.java:74)
at org.openqa.selenium.remote.HttpCommandExecutor.execute(HttpCommandExecutor.java:136)
at org.openqa.selenium.remote.service.DriverCommandExecutor.execute(DriverCommandExecutor.java:83)
at org.openqa.selenium.remote.RemoteWebDriver.execute(RemoteWebDriver.java:552)
at org.openqa.selenium.remote.RemoteWebDriver.startSession(RemoteWebDriver.java:213)
at org.openqa.selenium.remote.RemoteWebDriver.<init>(RemoteWebDriver.java:131)
at org.openqa.selenium.chrome.ChromeDriver.<init>(ChromeDriver.java:181)
at org.openqa.selenium.chrome.ChromeDriver.<init>(ChromeDriver.java:168)
at org.openqa.selenium.chrome.ChromeDriver.<init>(ChromeDriver.java:123)
at com.test.BaseTest.createDriver(BaseTest.java:86)
... Removed 28 stack frames]]>
    </failure>
  </testcase> <!-- @BeforeTest createDriver -->
  <testcase name="@AfterClass writeExcel" time="0.0" classname="com.test.BaseTest">
    <skipped/>
  </testcase> <!-- @AfterClass writeExcel -->
  <testcase name="@AfterTest tearDown" time="0.0" classname="com.test.BaseTest">
    <skipped/>
  </testcase> <!-- @AfterTest tearDown -->
  <testcase name="verifyHomepagePageTest" time="0.0" classname="com.test.BaseTest">
    <skipped/>
  </testcase> <!-- verifyHomepagePageTest -->
  <testcase name="doLoginTest" time="0.0" classname="com.test.BaseTest">
    <skipped/>
  </testcase> <!-- doLoginTest -->
  <testcase name="searchtest" time="0.0" classname="com.test.BaseTest">
    <skipped/>
  </testcase> <!-- searchtest -->
  <testcase name="FilterSearch" time="0.0" classname="com.test.BaseTest">
    <skipped/>
  </testcase> <!-- FilterSearch -->
  <testcase name="getNames" time="0.0" classname="com.test.BaseTest">
    <skipped/>
  </testcase> <!-- getNames -->
  <testcase name="SignOut" time="0.0" classname="com.test.BaseTest">
    <skipped/>
  </testcase> <!-- SignOut -->
</testsuite> <!-- ChromeTestCase -->
